[0926/131535.944:ERROR:process_reader_win.cc(151)] SuspendThread: Toegang geweigerd. (0x5)
[0926/131535.945:ERROR:exception_snapshot_win.cc(99)] thread ID 4144 not found in process
[1009/171252.779:ERROR:directory_reader_win.cc(43)] FindFirstFile: Het systeem kan het opgegeven pad niet vinden. (0x3)
[1009/171333.380:ERROR:directory_reader_win.cc(43)] FindFirstFile: Het systeem kan het opgegeven pad niet vinden. (0x3)
[1019/162617.862:ERROR:directory_reader_win.cc(43)] FindFirstFile: Het systeem kan het opgegeven pad niet vinden. (0x3)
[1019/174154.267:ERROR:directory_reader_win.cc(43)] FindFirstFile: Het systeem kan het opgegeven pad niet vinden. (0x3)
[1020/145431.861:ERROR:directory_reader_win.cc(43)] FindFirstFile: Het systeem kan het opgegeven pad niet vinden. (0x3)
[1020/145814.822:ERROR:directory_reader_win.cc(43)] FindFirstFile: Het systeem kan het opgegeven pad niet vinden. (0x3)
[1020/145911.191:ERROR:directory_reader_win.cc(43)] FindFirstFile: Het systeem kan het opgegeven pad niet vinden. (0x3)
[1021/142649.361:ERROR:directory_reader_win.cc(43)] FindFirstFile: Het systeem kan het opgegeven pad niet vinden. (0x3)
[1021/150038.362:ERROR:directory_reader_win.cc(43)] FindFirstFile: Het systeem kan het opgegeven pad niet vinden. (0x3)
[1021/150722.749:ERROR:directory_reader_win.cc(43)] FindFirstFile: Het systeem kan het opgegeven pad niet vinden. (0x3)
[1021/150806.369:ERROR:directory_reader_win.cc(43)] FindFirstFile: Het systeem kan het opgegeven pad niet vinden. (0x3)
[1021/151132.056:ERROR:directory_reader_win.cc(43)] FindFirstFile: Het systeem kan het opgegeven pad niet vinden. (0x3)
[1021/171947.111:ERROR:directory_reader_win.cc(43)] FindFirstFile: Het systeem kan het opgegeven pad niet vinden. (0x3)
[1022/122310.060:ERROR:directory_reader_win.cc(43)] FindFirstFile: Het systeem kan het opgegeven pad niet vinden. (0x3)
[1022/122310.065:ERROR:prune_crash_reports.cc(36)] PruneCrashReportDatabase: Failed to get pending reports
[1022/122653.006:ERROR:directory_reader_win.cc(43)] FindFirstFile: Het systeem kan het opgegeven pad niet vinden. (0x3)
[1022/122653.007:ERROR:prune_crash_reports.cc(36)] PruneCrashReportDatabase: Failed to get pending reports
[1022/122749.382:ERROR:directory_reader_win.cc(43)] FindFirstFile: Het systeem kan het opgegeven pad niet vinden. (0x3)
[1022/122749.383:ERROR:prune_crash_reports.cc(36)] PruneCrashReportDatabase: Failed to get pending reports
[1023/172718.174:ERROR:directory_reader_win.cc(43)] FindFirstFile: Het systeem kan het opgegeven pad niet vinden. (0x3)
[1023/172718.174:ERROR:prune_crash_reports.cc(36)] PruneCrashReportDatabase: Failed to get pending reports
[1023/173402.554:ERROR:directory_reader_win.cc(43)] FindFirstFile: Het systeem kan het opgegeven pad niet vinden. (0x3)
[1023/173402.555:ERROR:prune_crash_reports.cc(36)] PruneCrashReportDatabase: Failed to get pending reports
[1023/173446.189:ERROR:directory_reader_win.cc(43)] FindFirstFile: Het systeem kan het opgegeven pad niet vinden. (0x3)
[1023/173446.192:ERROR:prune_crash_reports.cc(36)] PruneCrashReportDatabase: Failed to get pending reports
[1023/173811.861:ERROR:directory_reader_win.cc(43)] FindFirstFile: Het systeem kan het opgegeven pad niet vinden. (0x3)
[1023/173811.862:ERROR:prune_crash_reports.cc(36)] PruneCrashReportDatabase: Failed to get pending reports
[1024/103437.789:ERROR:directory_reader_win.cc(43)] FindFirstFile: Het systeem kan het opgegeven pad niet vinden. (0x3)
[1024/103437.790:ERROR:prune_crash_reports.cc(36)] PruneCrashReportDatabase: Failed to get pending reports
[1109/204957.552:ERROR:directory_reader_win.cc(43)] FindFirstFile: The system cannot find the path specified. (0x3)
[1109/205050.586:ERROR:directory_reader_win.cc(43)] FindFirstFile: The system cannot find the path specified. (0x3)
